<?xml version="1.0" encoding="UTF-8"?>
<coverage generated="1781419744630" clover="3.2.0">
  <project timestamp="1781419744630" name="All files">
    <metrics statements="94" coveredstatements="52" conditionals="204" coveredconditionals="117" methods="20" coveredmethods="11" elements="318" coveredelements="180" complexity="0" loc="94" ncloc="94" packages="1" files="2" classes="2"/>
    <file name="foodNormalize.js" path="/Users/captainchris20/Coding Portfolio/7th-Project--Coach-Connect/src/nutrition/utils/foodNormalize.js">
      <metrics statements="51" coveredstatements="28" conditionals="156" coveredconditionals="98" methods="9" coveredmethods="5"/>
      <line num="4" count="1" type="stmt"/>
      <line num="7" count="1" type="stmt"/>
      <line num="10" count="1" type="stmt"/>
      <line num="13" count="1" type="stmt"/>
      <line num="16" count="10" type="stmt"/>
      <line num="17" count="10" type="cond" truecount="2" falsecount="0"/>
      <line num="21" count="0" type="stmt"/>
      <line num="36" count="0" type="stmt"/>
      <line num="37" count="0" type="cond" truecount="0" falsecount="4"/>
      <line num="38" count="0" type="cond" truecount="0" falsecount="2"/>
      <line num="39" count="0" type="cond" truecount="0" falsecount="3"/>
      <line num="40" count="0" type="cond" truecount="0" falsecount="5"/>
      <line num="41" count="0" type="cond" truecount="0" falsecount="2"/>
      <line num="43" count="0" type="stmt"/>
      <line num="47" count="0" type="cond" truecount="0" falsecount="2"/>
      <line num="48" count="0" type="cond" truecount="0" falsecount="2"/>
      <line num="49" count="0" type="cond" truecount="0" falsecount="2"/>
      <line num="57" count="2" type="cond" truecount="1" falsecount="1"/>
      <line num="58" count="2" type="cond" truecount="1" falsecount="2"/>
      <line num="59" count="2" type="cond" truecount="3" falsecount="1"/>
      <line num="60" count="0" type="cond" truecount="0" falsecount="2"/>
      <line num="61" count="0" type="stmt"/>
      <line num="69" count="2" type="cond" truecount="1" falsecount="1"/>
      <line num="70" count="2" type="stmt"/>
      <line num="71" count="14" type="cond" truecount="2" falsecount="2"/>
      <line num="72" count="0" type="stmt"/>
      <line num="73" count="0" type="cond" truecount="0" falsecount="2"/>
      <line num="75" count="2" type="cond" truecount="1" falsecount="1"/>
      <line num="76" count="2" type="cond" truecount="4" falsecount="0"/>
      <line num="77" count="2" type="cond" truecount="2" falsecount="0"/>
      <line num="78" count="2" type="stmt"/>
      <line num="111" count="2" type="cond" truecount="5" falsecount="0"/>
      <line num="112" count="1" type="cond" truecount="1" falsecount="1"/>
      <line num="113" count="0" type="stmt"/>
      <line num="118" count="1" type="stmt"/>
      <line num="124" count="1" type="stmt"/>
      <line num="127" count="1" type="stmt"/>
      <line num="131" count="0" type="cond" truecount="0" falsecount="2"/>
      <line num="132" count="0" type="cond" truecount="0" falsecount="4"/>
      <line num="133" count="0" type="stmt"/>
      <line num="138" count="0" type="cond" truecount="0" falsecount="4"/>
      <line num="139" count="0" type="stmt"/>
      <line num="141" count="0" type="stmt"/>
      <line num="145" count="2" type="cond" truecount="1" falsecount="1"/>
      <line num="146" count="2" type="cond" truecount="1" falsecount="1"/>
      <line num="147" count="2" type="cond" truecount="3" falsecount="1"/>
      <line num="148" count="1" type="stmt"/>
      <line num="149" count="1" type="cond" truecount="3" falsecount="1"/>
      <line num="150" count="0" type="stmt"/>
      <line num="153" count="2" type="stmt"/>
      <line num="162" count="1" type="stmt"/>
    </file>
    <file name="servingMath.js" path="/Users/captainchris20/Coding Portfolio/7th-Project--Coach-Connect/src/nutrition/utils/servingMath.js">
      <metrics statements="43" coveredstatements="24" conditionals="48" coveredconditionals="19" methods="11" coveredmethods="6"/>
      <line num="6" count="2" type="stmt"/>
      <line num="9" count="2" type="stmt"/>
      <line num="12" count="4" type="stmt"/>
      <line num="13" count="4" type="cond" truecount="1" falsecount="1"/>
      <line num="17" count="1" type="cond" truecount="1" falsecount="1"/>
      <line num="24" count="0" type="cond" truecount="0" falsecount="2"/>
      <line num="25" count="0" type="cond" truecount="0" falsecount="2"/>
      <line num="26" count="0" type="stmt"/>
      <line num="27" count="0" type="cond" truecount="0" falsecount="4"/>
      <line num="28" count="0" type="stmt"/>
      <line num="33" count="0" type="stmt"/>
      <line num="37" count="0" type="stmt"/>
      <line num="41" count="0" type="cond" truecount="0" falsecount="2"/>
      <line num="42" count="0" type="cond" truecount="0" falsecount="2"/>
      <line num="43" count="0" type="stmt"/>
      <line num="47" count="0" type="stmt"/>
      <line num="54" count="1" type="cond" truecount="3" falsecount="1"/>
      <line num="56" count="0" type="stmt"/>
      <line num="57" count="0" type="cond" truecount="0" falsecount="2"/>
      <line num="59" count="0" type="cond" truecount="0" falsecount="2"/>
      <line num="60" count="0" type="stmt"/>
      <line num="61" count="0" type="cond" truecount="0" falsecount="4"/>
      <line num="62" count="0" type="stmt"/>
      <line num="64" count="0" type="stmt"/>
      <line num="68" count="0" type="stmt"/>
      <line num="79" count="1" type="stmt"/>
      <line num="80" count="1" type="cond" truecount="3" falsecount="1"/>
      <line num="81" count="1" type="stmt"/>
      <line num="91" count="1" type="stmt"/>
      <line num="92" count="1" type="stmt"/>
      <line num="93" count="1" type="cond" truecount="3" falsecount="1"/>
      <line num="94" count="1" type="stmt"/>
      <line num="98" count="3" type="cond" truecount="2" falsecount="0"/>
      <line num="99" count="3" type="cond" truecount="2" falsecount="0"/>
      <line num="100" count="2" type="stmt"/>
      <line num="101" count="2" type="cond" truecount="2" falsecount="0"/>
      <line num="102" count="1" type="stmt"/>
      <line num="103" count="1" type="stmt"/>
      <line num="104" count="1" type="cond" truecount="1" falsecount="1"/>
      <line num="105" count="1" type="stmt"/>
      <line num="107" count="1" type="stmt"/>
      <line num="108" count="1" type="cond" truecount="1" falsecount="1"/>
      <line num="111" count="2" type="stmt"/>
    </file>
  </project>
</coverage>
