{"/Users/captainchris20/Coding Portfolio/7th-Project--Coach-Connect/src/nutrition/utils/foodNormalize.js": {"path":"/Users/captainchris20/Coding Portfolio/7th-Project--Coach-Connect/src/nutrition/utils/foodNormalize.js","statementMap":{"0":{"start":{"line":4,"column":49},"end":{"line":4,"column":73}},"1":{"start":{"line":7,"column":2},"end":{"line":7,"column":520}},"2":{"start":{"line":10,"column":2},"end":{"line":10,"column":171}},"3":{"start":{"line":13,"column":2},"end":{"line":13,"column":221}},"4":{"start":{"line":16,"column":12},"end":{"line":16,"column":21}},"5":{"start":{"line":17,"column":2},"end":{"line":17,"column":36}},"6":{"start":{"line":21,"column":2},"end":{"line":32,"column":19}},"7":{"start":{"line":36,"column":14},"end":{"line":36,"column":36}},"8":{"start":{"line":37,"column":2},"end":{"line":37,"column":85}},"9":{"start":{"line":37,"column":72},"end":{"line":37,"column":85}},"10":{"start":{"line":38,"column":2},"end":{"line":38,"column":49}},"11":{"start":{"line":38,"column":37},"end":{"line":38,"column":49}},"12":{"start":{"line":39,"column":15},"end":{"line":39,"column":82}},"13":{"start":{"line":40,"column":2},"end":{"line":42,"column":3}},"14":{"start":{"line":41,"column":4},"end":{"line":41,"column":75}},"15":{"start":{"line":43,"column":2},"end":{"line":43,"column":15}},"16":{"start":{"line":47,"column":12},"end":{"line":47,"column":51}},"17":{"start":{"line":48,"column":2},"end":{"line":48,"column":47}},"18":{"start":{"line":48,"column":34},"end":{"line":48,"column":47}},"19":{"start":{"line":49,"column":2},"end":{"line":50,"column":102}},"20":{"start":{"line":57,"column":2},"end":{"line":57,"column":25}},"21":{"start":{"line":57,"column":13},"end":{"line":57,"column":25}},"22":{"start":{"line":58,"column":15},"end":{"line":58,"column":85}},"23":{"start":{"line":59,"column":2},"end":{"line":59,"column":59}},"24":{"start":{"line":59,"column":47},"end":{"line":59,"column":59}},"25":{"start":{"line":60,"column":2},"end":{"line":60,"column":38}},"26":{"start":{"line":60,"column":26},"end":{"line":60,"column":38}},"27":{"start":{"line":61,"column":2},"end":{"line":65,"column":4}},"28":{"start":{"line":69,"column":2},"end":{"line":69,"column":25}},"29":{"start":{"line":69,"column":13},"end":{"line":69,"column":25}},"30":{"start":{"line":70,"column":22},"end":{"line":74,"column":3}},"31":{"start":{"line":71,"column":4},"end":{"line":71,"column":47}},"32":{"start":{"line":71,"column":35},"end":{"line":71,"column":47}},"33":{"start":{"line":72,"column":14},"end":{"line":72,"column":25}},"34":{"start":{"line":73,"column":4},"end":{"line":73,"column":63}},"35":{"start":{"line":75,"column":17},"end":{"line":75,"column":62}},"36":{"start":{"line":76,"column":23},"end":{"line":76,"column":118}},"37":{"start":{"line":77,"column":19},"end":{"line":77,"column":56}},"38":{"start":{"line":78,"column":15},"end":{"line":109,"column":3}},"39":{"start":{"line":111,"column":2},"end":{"line":125,"column":3}},"40":{"start":{"line":112,"column":4},"end":{"line":117,"column":5}},"41":{"start":{"line":113,"column":6},"end":{"line":116,"column":9}},"42":{"start":{"line":118,"column":22},"end":{"line":123,"column":6}},"43":{"start":{"line":124,"column":4},"end":{"line":124,"column":39}},"44":{"start":{"line":127,"column":2},"end":{"line":127,"column":32}},"45":{"start":{"line":131,"column":2},"end":{"line":131,"column":25}},"46":{"start":{"line":131,"column":13},"end":{"line":131,"column":25}},"47":{"start":{"line":132,"column":2},"end":{"line":137,"column":3}},"48":{"start":{"line":133,"column":4},"end":{"line":136,"column":7}},"49":{"start":{"line":138,"column":2},"end":{"line":140,"column":3}},"50":{"start":{"line":139,"column":4},"end":{"line":139,"column":41}},"51":{"start":{"line":141,"column":2},"end":{"line":141,"column":57}},"52":{"start":{"line":145,"column":21},"end":{"line":145,"column":56}},"53":{"start":{"line":146,"column":20},"end":{"line":146,"column":41}},"54":{"start":{"line":147,"column":2},"end":{"line":152,"column":3}},"55":{"start":{"line":148,"column":4},"end":{"line":148,"column":100}},"56":{"start":{"line":149,"column":4},"end":{"line":151,"column":5}},"57":{"start":{"line":150,"column":6},"end":{"line":150,"column":32}},"58":{"start":{"line":153,"column":2},"end":{"line":159,"column":4}},"59":{"start":{"line":162,"column":0},"end":{"line":171,"column":2}}},"fnMap":{"0":{"name":"num","decl":{"start":{"line":15,"column":9},"end":{"line":15,"column":12}},"loc":{"start":{"line":15,"column":16},"end":{"line":18,"column":1}},"line":15},"1":{"name":"foodTextHaystack","decl":{"start":{"line":20,"column":9},"end":{"line":20,"column":25}},"loc":{"start":{"line":20,"column":32},"end":{"line":33,"column":1}},"line":20},"2":{"name":"isLiquidFood","decl":{"start":{"line":35,"column":9},"end":{"line":35,"column":21}},"loc":{"start":{"line":35,"column":28},"end":{"line":44,"column":1}},"line":35},"3":{"name":"usdaDescriptionLooksLiquid","decl":{"start":{"line":46,"column":9},"end":{"line":46,"column":35}},"loc":{"start":{"line":46,"column":49},"end":{"line":51,"column":1}},"line":46},"4":{"name":"servingUnitGuard","decl":{"start":{"line":56,"column":9},"end":{"line":56,"column":25}},"loc":{"start":{"line":56,"column":32},"end":{"line":66,"column":1}},"line":56},"5":{"name":"mapSearchRowToFoodShape","decl":{"start":{"line":68,"column":9},"end":{"line":68,"column":32}},"loc":{"start":{"line":68,"column":39},"end":{"line":128,"column":1}},"line":68},"6":{"name":"(anonymous_6)","decl":{"start":{"line":70,"column":22},"end":{"line":70,"column":23}},"loc":{"start":{"line":70,"column":31},"end":{"line":74,"column":3}},"line":70},"7":{"name":"normalizeFoodForLog","decl":{"start":{"line":130,"column":9},"end":{"line":130,"column":28}},"loc":{"start":{"line":130,"column":35},"end":{"line":142,"column":1}},"line":130},"8":{"name":"normalizeFoodItem","decl":{"start":{"line":144,"column":9},"end":{"line":144,"column":26}},"loc":{"start":{"line":144,"column":46},"end":{"line":160,"column":1}},"line":144}},"branchMap":{"0":{"loc":{"start":{"line":17,"column":9},"end":{"line":17,"column":35}},"type":"cond-expr","locations":[{"start":{"line":17,"column":30},"end":{"line":17,"column":31}},{"start":{"line":17,"column":34},"end":{"line":17,"column":35}}],"line":17},"1":{"loc":{"start":{"line":37,"column":2},"end":{"line":37,"column":85}},"type":"if","locations":[{"start":{"line":37,"column":2},"end":{"line":37,"column":85}},{"start":{},"end":{}}],"line":37},"2":{"loc":{"start":{"line":37,"column":6},"end":{"line":37,"column":70}},"type":"binary-expr","locations":[{"start":{"line":37,"column":6},"end":{"line":37,"column":34}},{"start":{"line":37,"column":38},"end":{"line":37,"column":70}}],"line":37},"3":{"loc":{"start":{"line":38,"column":2},"end":{"line":38,"column":49}},"type":"if","locations":[{"start":{"line":38,"column":2},"end":{"line":38,"column":49}},{"start":{},"end":{}}],"line":38},"4":{"loc":{"start":{"line":39,"column":22},"end":{"line":39,"column":67}},"type":"binary-expr","locations":[{"start":{"line":39,"column":22},"end":{"line":39,"column":39}},{"start":{"line":39,"column":43},"end":{"line":39,"column":61}},{"start":{"line":39,"column":65},"end":{"line":39,"column":67}}],"line":39},"5":{"loc":{"start":{"line":40,"column":2},"end":{"line":42,"column":3}},"type":"if","locations":[{"start":{"line":40,"column":2},"end":{"line":42,"column":3}},{"start":{},"end":{}}],"line":40},"6":{"loc":{"start":{"line":40,"column":6},"end":{"line":40,"column":65}},"type":"binary-expr","locations":[{"start":{"line":40,"column":6},"end":{"line":40,"column":19}},{"start":{"line":40,"column":23},"end":{"line":40,"column":45}},{"start":{"line":40,"column":49},"end":{"line":40,"column":65}}],"line":40},"7":{"loc":{"start":{"line":41,"column":11},"end":{"line":41,"column":74}},"type":"binary-expr","locations":[{"start":{"line":41,"column":11},"end":{"line":41,"column":40}},{"start":{"line":41,"column":44},"end":{"line":41,"column":74}}],"line":41},"8":{"loc":{"start":{"line":47,"column":19},"end":{"line":47,"column":36}},"type":"binary-expr","locations":[{"start":{"line":47,"column":19},"end":{"line":47,"column":30}},{"start":{"line":47,"column":34},"end":{"line":47,"column":36}}],"line":47},"9":{"loc":{"start":{"line":48,"column":2},"end":{"line":48,"column":47}},"type":"if","locations":[{"start":{"line":48,"column":2},"end":{"line":48,"column":47}},{"start":{},"end":{}}],"line":48},"10":{"loc":{"start":{"line":49,"column":9},"end":{"line":50,"column":101}},"type":"binary-expr","locations":[{"start":{"line":49,"column":9},"end":{"line":49,"column":36}},{"start":{"line":50,"column":7},"end":{"line":50,"column":101}}],"line":49},"11":{"loc":{"start":{"line":57,"column":2},"end":{"line":57,"column":25}},"type":"if","locations":[{"start":{"line":57,"column":2},"end":{"line":57,"column":25}},{"start":{},"end":{}}],"line":57},"12":{"loc":{"start":{"line":58,"column":22},"end":{"line":58,"column":70}},"type":"binary-expr","locations":[{"start":{"line":58,"column":22},"end":{"line":58,"column":38}},{"start":{"line":58,"column":42},"end":{"line":58,"column":59}},{"start":{"line":58,"column":63},"end":{"line":58,"column":70}}],"line":58},"13":{"loc":{"start":{"line":59,"column":2},"end":{"line":59,"column":59}},"type":"if","locations":[{"start":{"line":59,"column":2},"end":{"line":59,"column":59}},{"start":{},"end":{}}],"line":59},"14":{"loc":{"start":{"line":59,"column":6},"end":{"line":59,"column":45}},"type":"binary-expr","locations":[{"start":{"line":59,"column":6},"end":{"line":59,"column":19}},{"start":{"line":59,"column":23},"end":{"line":59,"column":45}}],"line":59},"15":{"loc":{"start":{"line":60,"column":2},"end":{"line":60,"column":38}},"type":"if","locations":[{"start":{"line":60,"column":2},"end":{"line":60,"column":38}},{"start":{},"end":{}}],"line":60},"16":{"loc":{"start":{"line":69,"column":2},"end":{"line":69,"column":25}},"type":"if","locations":[{"start":{"line":69,"column":2},"end":{"line":69,"column":25}},{"start":{},"end":{}}],"line":69},"17":{"loc":{"start":{"line":71,"column":4},"end":{"line":71,"column":47}},"type":"if","locations":[{"start":{"line":71,"column":4},"end":{"line":71,"column":47}},{"start":{},"end":{}}],"line":71},"18":{"loc":{"start":{"line":71,"column":8},"end":{"line":71,"column":33}},"type":"binary-expr","locations":[{"start":{"line":71,"column":8},"end":{"line":71,"column":19}},{"start":{"line":71,"column":23},"end":{"line":71,"column":33}}],"line":71},"19":{"loc":{"start":{"line":73,"column":11},"end":{"line":73,"column":62}},"type":"cond-expr","locations":[{"start":{"line":73,"column":32},"end":{"line":73,"column":55}},{"start":{"line":73,"column":58},"end":{"line":73,"column":62}}],"line":73},"20":{"loc":{"start":{"line":75,"column":24},"end":{"line":75,"column":47}},"type":"binary-expr","locations":[{"start":{"line":75,"column":24},"end":{"line":75,"column":35}},{"start":{"line":75,"column":39},"end":{"line":75,"column":47}}],"line":75},"21":{"loc":{"start":{"line":76,"column":27},"end":{"line":76,"column":117}},"type":"binary-expr","locations":[{"start":{"line":76,"column":27},"end":{"line":76,"column":44}},{"start":{"line":76,"column":48},"end":{"line":76,"column":73}},{"start":{"line":76,"column":77},"end":{"line":76,"column":95}},{"start":{"line":76,"column":99},"end":{"line":76,"column":117}}],"line":76},"22":{"loc":{"start":{"line":77,"column":19},"end":{"line":77,"column":56}},"type":"cond-expr","locations":[{"start":{"line":77,"column":38},"end":{"line":77,"column":50}},{"start":{"line":77,"column":53},"end":{"line":77,"column":56}}],"line":77},"23":{"loc":{"start":{"line":79,"column":8},"end":{"line":79,"column":50}},"type":"binary-expr","locations":[{"start":{"line":79,"column":8},"end":{"line":79,"column":15}},{"start":{"line":79,"column":19},"end":{"line":79,"column":29}},{"start":{"line":79,"column":33},"end":{"line":79,"column":42}},{"start":{"line":79,"column":46},"end":{"line":79,"column":50}}],"line":79},"24":{"loc":{"start":{"line":80,"column":10},"end":{"line":80,"column":75}},"type":"binary-expr","locations":[{"start":{"line":80,"column":10},"end":{"line":80,"column":19}},{"start":{"line":80,"column":23},"end":{"line":80,"column":37}},{"start":{"line":80,"column":41},"end":{"line":80,"column":57}},{"start":{"line":80,"column":61},"end":{"line":80,"column":75}}],"line":80},"25":{"loc":{"start":{"line":81,"column":11},"end":{"line":81,"column":85}},"type":"binary-expr","locations":[{"start":{"line":81,"column":11},"end":{"line":81,"column":21}},{"start":{"line":81,"column":25},"end":{"line":81,"column":40}},{"start":{"line":81,"column":44},"end":{"line":81,"column":60}},{"start":{"line":81,"column":64},"end":{"line":81,"column":79}},{"start":{"line":81,"column":83},"end":{"line":81,"column":85}}],"line":81},"26":{"loc":{"start":{"line":82,"column":18},"end":{"line":82,"column":51}},"type":"binary-expr","locations":[{"start":{"line":82,"column":18},"end":{"line":82,"column":31}},{"start":{"line":82,"column":35},"end":{"line":82,"column":51}}],"line":82},"27":{"loc":{"start":{"line":83,"column":17},"end":{"line":83,"column":48}},"type":"binary-expr","locations":[{"start":{"line":83,"column":17},"end":{"line":83,"column":29}},{"start":{"line":83,"column":33},"end":{"line":83,"column":48}}],"line":83},"28":{"loc":{"start":{"line":84,"column":15},"end":{"line":84,"column":55}},"type":"binary-expr","locations":[{"start":{"line":84,"column":15},"end":{"line":84,"column":25}},{"start":{"line":84,"column":29},"end":{"line":84,"column":55}}],"line":84},"29":{"loc":{"start":{"line":85,"column":13},"end":{"line":85,"column":42}},"type":"binary-expr","locations":[{"start":{"line":85,"column":13},"end":{"line":85,"column":21}},{"start":{"line":85,"column":25},"end":{"line":85,"column":42}}],"line":85},"30":{"loc":{"start":{"line":86,"column":23},"end":{"line":86,"column":58}},"type":"binary-expr","locations":[{"start":{"line":86,"column":23},"end":{"line":86,"column":33}},{"start":{"line":86,"column":37},"end":{"line":86,"column":58}}],"line":86},"31":{"loc":{"start":{"line":87,"column":23},"end":{"line":87,"column":51}},"type":"binary-expr","locations":[{"start":{"line":87,"column":23},"end":{"line":87,"column":33}},{"start":{"line":87,"column":37},"end":{"line":87,"column":51}}],"line":87},"32":{"loc":{"start":{"line":88,"column":24},"end":{"line":88,"column":53}},"type":"binary-expr","locations":[{"start":{"line":88,"column":24},"end":{"line":88,"column":35}},{"start":{"line":88,"column":39},"end":{"line":88,"column":53}}],"line":88},"33":{"loc":{"start":{"line":91,"column":30},"end":{"line":91,"column":69}},"type":"binary-expr","locations":[{"start":{"line":91,"column":30},"end":{"line":91,"column":47}},{"start":{"line":91,"column":51},"end":{"line":91,"column":69}}],"line":91},"34":{"loc":{"start":{"line":92,"column":26},"end":{"line":92,"column":57}},"type":"binary-expr","locations":[{"start":{"line":92,"column":26},"end":{"line":92,"column":39}},{"start":{"line":92,"column":43},"end":{"line":92,"column":57}}],"line":92},"35":{"loc":{"start":{"line":94,"column":15},"end":{"line":94,"column":37}},"type":"binary-expr","locations":[{"start":{"line":94,"column":15},"end":{"line":94,"column":29}},{"start":{"line":94,"column":33},"end":{"line":94,"column":37}}],"line":94},"36":{"loc":{"start":{"line":95,"column":23},"end":{"line":95,"column":53}},"type":"binary-expr","locations":[{"start":{"line":95,"column":23},"end":{"line":95,"column":45}},{"start":{"line":95,"column":49},"end":{"line":95,"column":53}}],"line":95},"37":{"loc":{"start":{"line":96,"column":17},"end":{"line":96,"column":91}},"type":"binary-expr","locations":[{"start":{"line":96,"column":17},"end":{"line":96,"column":33}},{"start":{"line":96,"column":37},"end":{"line":96,"column":54}},{"start":{"line":96,"column":58},"end":{"line":96,"column":78}},{"start":{"line":96,"column":82},"end":{"line":96,"column":91}}],"line":96},"38":{"loc":{"start":{"line":98,"column":19},"end":{"line":98,"column":49}},"type":"binary-expr","locations":[{"start":{"line":98,"column":19},"end":{"line":98,"column":37}},{"start":{"line":98,"column":41},"end":{"line":98,"column":49}}],"line":98},"39":{"loc":{"start":{"line":99,"column":17},"end":{"line":99,"column":79}},"type":"binary-expr","locations":[{"start":{"line":99,"column":17},"end":{"line":99,"column":33}},{"start":{"line":99,"column":37},"end":{"line":99,"column":53}},{"start":{"line":99,"column":57},"end":{"line":99,"column":74}},{"start":{"line":99,"column":78},"end":{"line":99,"column":79}}],"line":99},"40":{"loc":{"start":{"line":100,"column":20},"end":{"line":100,"column":47}},"type":"binary-expr","locations":[{"start":{"line":100,"column":20},"end":{"line":100,"column":39}},{"start":{"line":100,"column":43},"end":{"line":100,"column":47}}],"line":100},"41":{"loc":{"start":{"line":101,"column":23},"end":{"line":101,"column":53}},"type":"binary-expr","locations":[{"start":{"line":101,"column":23},"end":{"line":101,"column":45}},{"start":{"line":101,"column":49},"end":{"line":101,"column":53}}],"line":101},"42":{"loc":{"start":{"line":102,"column":23},"end":{"line":102,"column":53}},"type":"binary-expr","locations":[{"start":{"line":102,"column":23},"end":{"line":102,"column":45}},{"start":{"line":102,"column":49},"end":{"line":102,"column":53}}],"line":102},"43":{"loc":{"start":{"line":105,"column":23},"end":{"line":105,"column":53}},"type":"binary-expr","locations":[{"start":{"line":105,"column":23},"end":{"line":105,"column":45}},{"start":{"line":105,"column":49},"end":{"line":105,"column":53}}],"line":105},"44":{"loc":{"start":{"line":106,"column":19},"end":{"line":106,"column":99}},"type":"binary-expr","locations":[{"start":{"line":106,"column":19},"end":{"line":106,"column":37}},{"start":{"line":106,"column":41},"end":{"line":106,"column":58}},{"start":{"line":106,"column":62},"end":{"line":106,"column":91}},{"start":{"line":106,"column":95},"end":{"line":106,"column":99}}],"line":106},"45":{"loc":{"start":{"line":107,"column":18},"end":{"line":107,"column":86}},"type":"binary-expr","locations":[{"start":{"line":107,"column":18},"end":{"line":107,"column":35}},{"start":{"line":107,"column":39},"end":{"line":107,"column":57}},{"start":{"line":107,"column":61},"end":{"line":107,"column":78}},{"start":{"line":107,"column":82},"end":{"line":107,"column":86}}],"line":107},"46":{"loc":{"start":{"line":108,"column":14},"end":{"line":108,"column":87}},"type":"cond-expr","locations":[{"start":{"line":108,"column":67},"end":{"line":108,"column":80}},{"start":{"line":108,"column":83},"end":{"line":108,"column":87}}],"line":108},"47":{"loc":{"start":{"line":108,"column":14},"end":{"line":108,"column":64}},"type":"binary-expr","locations":[{"start":{"line":108,"column":14},"end":{"line":108,"column":27}},{"start":{"line":108,"column":31},"end":{"line":108,"column":64}}],"line":108},"48":{"loc":{"start":{"line":111,"column":2},"end":{"line":125,"column":3}},"type":"if","locations":[{"start":{"line":111,"column":2},"end":{"line":125,"column":3}},{"start":{},"end":{}}],"line":111},"49":{"loc":{"start":{"line":111,"column":6},"end":{"line":111,"column":79}},"type":"binary-expr","locations":[{"start":{"line":111,"column":6},"end":{"line":111,"column":32}},{"start":{"line":111,"column":36},"end":{"line":111,"column":53}},{"start":{"line":111,"column":57},"end":{"line":111,"column":79}}],"line":111},"50":{"loc":{"start":{"line":112,"column":4},"end":{"line":117,"column":5}},"type":"if","locations":[{"start":{"line":112,"column":4},"end":{"line":117,"column":5}},{"start":{},"end":{}}],"line":112},"51":{"loc":{"start":{"line":131,"column":2},"end":{"line":131,"column":25}},"type":"if","locations":[{"start":{"line":131,"column":2},"end":{"line":131,"column":25}},{"start":{},"end":{}}],"line":131},"52":{"loc":{"start":{"line":132,"column":2},"end":{"line":137,"column":3}},"type":"if","locations":[{"start":{"line":132,"column":2},"end":{"line":137,"column":3}},{"start":{},"end":{}}],"line":132},"53":{"loc":{"start":{"line":132,"column":6},"end":{"line":132,"column":62}},"type":"binary-expr","locations":[{"start":{"line":132,"column":6},"end":{"line":132,"column":40}},{"start":{"line":132,"column":44},"end":{"line":132,"column":62}}],"line":132},"54":{"loc":{"start":{"line":138,"column":2},"end":{"line":140,"column":3}},"type":"if","locations":[{"start":{"line":138,"column":2},"end":{"line":140,"column":3}},{"start":{},"end":{}}],"line":138},"55":{"loc":{"start":{"line":138,"column":6},"end":{"line":138,"column":72}},"type":"binary-expr","locations":[{"start":{"line":138,"column":6},"end":{"line":138,"column":40}},{"start":{"line":138,"column":44},"end":{"line":138,"column":72}}],"line":138},"56":{"loc":{"start":{"line":145,"column":21},"end":{"line":145,"column":56}},"type":"binary-expr","locations":[{"start":{"line":145,"column":21},"end":{"line":145,"column":50}},{"start":{"line":145,"column":54},"end":{"line":145,"column":56}}],"line":145},"57":{"loc":{"start":{"line":146,"column":20},"end":{"line":146,"column":41}},"type":"binary-expr","locations":[{"start":{"line":146,"column":20},"end":{"line":146,"column":35}},{"start":{"line":146,"column":39},"end":{"line":146,"column":41}}],"line":146},"58":{"loc":{"start":{"line":147,"column":2},"end":{"line":152,"column":3}},"type":"if","locations":[{"start":{"line":147,"column":2},"end":{"line":152,"column":3}},{"start":{},"end":{}}],"line":147},"59":{"loc":{"start":{"line":147,"column":13},"end":{"line":147,"column":31}},"type":"binary-expr","locations":[{"start":{"line":147,"column":13},"end":{"line":147,"column":25}},{"start":{"line":147,"column":29},"end":{"line":147,"column":31}}],"line":147},"60":{"loc":{"start":{"line":149,"column":4},"end":{"line":151,"column":5}},"type":"if","locations":[{"start":{"line":149,"column":4},"end":{"line":151,"column":5}},{"start":{},"end":{}}],"line":149},"61":{"loc":{"start":{"line":149,"column":8},"end":{"line":149,"column":93}},"type":"binary-expr","locations":[{"start":{"line":149,"column":8},"end":{"line":149,"column":19}},{"start":{"line":149,"column":23},"end":{"line":149,"column":93}}],"line":149},"62":{"loc":{"start":{"line":155,"column":10},"end":{"line":155,"column":58}},"type":"binary-expr","locations":[{"start":{"line":155,"column":10},"end":{"line":155,"column":21}},{"start":{"line":155,"column":25},"end":{"line":155,"column":40}},{"start":{"line":155,"column":44},"end":{"line":155,"column":58}}],"line":155},"63":{"loc":{"start":{"line":156,"column":15},"end":{"line":156,"column":63}},"type":"binary-expr","locations":[{"start":{"line":156,"column":15},"end":{"line":156,"column":26}},{"start":{"line":156,"column":30},"end":{"line":156,"column":45}},{"start":{"line":156,"column":49},"end":{"line":156,"column":63}}],"line":156},"64":{"loc":{"start":{"line":157,"column":16},"end":{"line":157,"column":58}},"type":"binary-expr","locations":[{"start":{"line":157,"column":16},"end":{"line":157,"column":32}},{"start":{"line":157,"column":36},"end":{"line":157,"column":52}},{"start":{"line":157,"column":56},"end":{"line":157,"column":58}}],"line":157},"65":{"loc":{"start":{"line":158,"column":19},"end":{"line":158,"column":49}},"type":"binary-expr","locations":[{"start":{"line":158,"column":19},"end":{"line":158,"column":42}},{"start":{"line":158,"column":46},"end":{"line":158,"column":49}}],"line":158}},"s":{"0":1,"1":1,"2":1,"3":1,"4":10,"5":10,"6":0,"7":0,"8":0,"9":0,"10":0,"11":0,"12":0,"13":0,"14":0,"15":0,"16":0,"17":0,"18":0,"19":0,"20":2,"21":0,"22":2,"23":2,"24":2,"25":0,"26":0,"27":0,"28":2,"29":0,"30":2,"31":14,"32":14,"33":0,"34":0,"35":2,"36":2,"37":2,"38":2,"39":2,"40":1,"41":0,"42":1,"43":1,"44":1,"45":0,"46":0,"47":0,"48":0,"49":0,"50":0,"51":0,"52":2,"53":2,"54":2,"55":1,"56":1,"57":0,"58":2,"59":1},"f":{"0":10,"1":0,"2":0,"3":0,"4":2,"5":2,"6":14,"7":0,"8":2},"b":{"0":[6,4],"1":[0,0],"2":[0,0],"3":[0,0],"4":[0,0,0],"5":[0,0],"6":[0,0,0],"7":[0,0],"8":[0,0],"9":[0,0],"10":[0,0],"11":[0,2],"12":[2,0,0],"13":[2,0],"14":[2,2],"15":[0,0],"16":[0,2],"17":[14,0],"18":[14,0],"19":[0,0],"20":[2,0],"21":[2,2,1,1],"22":[1,1],"23":[2,2,2,2],"24":[2,1,0,0],"25":[2,2,1,1,1],"26":[2,1],"27":[2,2],"28":[2,2],"29":[2,2],"30":[2,2],"31":[2,2],"32":[2,2],"33":[2,2],"34":[2,2],"35":[2,2],"36":[2,2],"37":[2,2,1,1],"38":[2,2],"39":[2,2,1,1],"40":[2,2],"41":[2,2],"42":[2,2],"43":[2,2],"44":[2,2,2,2],"45":[2,2,2,2],"46":[0,2],"47":[2,0],"48":[1,1],"49":[2,2,2],"50":[0,1],"51":[0,0],"52":[0,0],"53":[0,0],"54":[0,0],"55":[0,0],"56":[2,0],"57":[2,0],"58":[1,1],"59":[2,0],"60":[0,1],"61":[1,1],"62":[2,0,0],"63":[2,0,0],"64":[2,1,1],"65":[2,0]},"_coverageSchema":"1a1c01bbd47fc00a2c39e90264f33305004495a9","hash":"faf93fc389e0facb57e1f86dcb39d8404a937cbf"}
,"/Users/captainchris20/Coding Portfolio/7th-Project--Coach-Connect/src/nutrition/utils/servingMath.js": {"path":"/Users/captainchris20/Coding Portfolio/7th-Project--Coach-Connect/src/nutrition/utils/servingMath.js","statementMap":{"0":{"start":{"line":6,"column":25},"end":{"line":6,"column":59}},"1":{"start":{"line":9,"column":30},"end":{"line":9,"column":34}},"2":{"start":{"line":12,"column":12},"end":{"line":12,"column":21}},"3":{"start":{"line":13,"column":2},"end":{"line":13,"column":36}},"4":{"start":{"line":17,"column":2},"end":{"line":17,"column":66}},"5":{"start":{"line":24,"column":16},"end":{"line":24,"column":67}},"6":{"start":{"line":25,"column":2},"end":{"line":25,"column":72}},"7":{"start":{"line":25,"column":17},"end":{"line":25,"column":72}},"8":{"start":{"line":26,"column":17},"end":{"line":26,"column":39}},"9":{"start":{"line":27,"column":2},"end":{"line":27,"column":95}},"10":{"start":{"line":27,"column":33},"end":{"line":27,"column":95}},"11":{"start":{"line":28,"column":2},"end":{"line":28,"column":13}},"12":{"start":{"line":33,"column":2},"end":{"line":33,"column":41}},"13":{"start":{"line":37,"column":2},"end":{"line":37,"column":47}},"14":{"start":{"line":41,"column":12},"end":{"line":41,"column":67}},"15":{"start":{"line":42,"column":17},"end":{"line":42,"column":65}},"16":{"start":{"line":43,"column":2},"end":{"line":43,"column":54}},"17":{"start":{"line":47,"column":2},"end":{"line":47,"column":73}},"18":{"start":{"line":54,"column":2},"end":{"line":54,"column":58}},"19":{"start":{"line":54,"column":46},"end":{"line":54,"column":58}},"20":{"start":{"line":56,"column":16},"end":{"line":56,"column":41}},"21":{"start":{"line":57,"column":19},"end":{"line":57,"column":65}},"22":{"start":{"line":59,"column":2},"end":{"line":66,"column":3}},"23":{"start":{"line":60,"column":21},"end":{"line":60,"column":45}},"24":{"start":{"line":61,"column":4},"end":{"line":65,"column":5}},"25":{"start":{"line":62,"column":6},"end":{"line":62,"column":28}},"26":{"start":{"line":64,"column":6},"end":{"line":64,"column":41}},"27":{"start":{"line":68,"column":2},"end":{"line":75,"column":4}},"28":{"start":{"line":79,"column":12},"end":{"line":79,"column":28}},"29":{"start":{"line":80,"column":2},"end":{"line":80,"column":71}},"30":{"start":{"line":80,"column":37},"end":{"line":80,"column":71}},"31":{"start":{"line":81,"column":2},"end":{"line":87,"column":4}},"32":{"start":{"line":91,"column":12},"end":{"line":91,"column":23}},"33":{"start":{"line":92,"column":12},"end":{"line":92,"column":35}},"34":{"start":{"line":93,"column":2},"end":{"line":93,"column":59}},"35":{"start":{"line":93,"column":50},"end":{"line":93,"column":59}},"36":{"start":{"line":94,"column":2},"end":{"line":94,"column":27}},"37":{"start":{"line":98,"column":12},"end":{"line":98,"column":38}},"38":{"start":{"line":99,"column":2},"end":{"line":99,"column":22}},"39":{"start":{"line":99,"column":10},"end":{"line":99,"column":22}},"40":{"start":{"line":100,"column":19},"end":{"line":100,"column":50}},"41":{"start":{"line":101,"column":2},"end":{"line":106,"column":3}},"42":{"start":{"line":102,"column":16},"end":{"line":102,"column":35}},"43":{"start":{"line":103,"column":19},"end":{"line":103,"column":38}},"44":{"start":{"line":104,"column":4},"end":{"line":104,"column":34}},"45":{"start":{"line":104,"column":22},"end":{"line":104,"column":34}},"46":{"start":{"line":105,"column":4},"end":{"line":105,"column":24}},"47":{"start":{"line":107,"column":12},"end":{"line":107,"column":21}},"48":{"start":{"line":108,"column":2},"end":{"line":108,"column":39}},"49":{"start":{"line":111,"column":0},"end":{"line":124,"column":2}}},"fnMap":{"0":{"name":"num","decl":{"start":{"line":11,"column":9},"end":{"line":11,"column":12}},"loc":{"start":{"line":11,"column":16},"end":{"line":14,"column":1}},"line":11},"1":{"name":"isPer100gSource","decl":{"start":{"line":16,"column":9},"end":{"line":16,"column":24}},"loc":{"start":{"line":16,"column":33},"end":{"line":18,"column":1}},"line":16},"2":{"name":"resolveServingGrams","decl":{"start":{"line":23,"column":9},"end":{"line":23,"column":28}},"loc":{"start":{"line":23,"column":35},"end":{"line":29,"column":1}},"line":23},"3":{"name":"resolveServingFactor","decl":{"start":{"line":32,"column":9},"end":{"line":32,"column":29}},"loc":{"start":{"line":32,"column":36},"end":{"line":34,"column":1}},"line":32},"4":{"name":"nutrientTotalForGrams","decl":{"start":{"line":36,"column":9},"end":{"line":36,"column":30}},"loc":{"start":{"line":36,"column":51},"end":{"line":38,"column":1}},"line":36},"5":{"name":"caloriesForGrams","decl":{"start":{"line":40,"column":9},"end":{"line":40,"column":25}},"loc":{"start":{"line":40,"column":39},"end":{"line":44,"column":1}},"line":40},"6":{"name":"scaleMacroForGrams","decl":{"start":{"line":46,"column":9},"end":{"line":46,"column":27}},"loc":{"start":{"line":46,"column":48},"end":{"line":48,"column":1}},"line":46},"7":{"name":"finalizeBarcodeFood","decl":{"start":{"line":53,"column":9},"end":{"line":53,"column":28}},"loc":{"start":{"line":53,"column":35},"end":{"line":76,"column":1}},"line":53},"8":{"name":"scaleNutritionByServings","decl":{"start":{"line":78,"column":9},"end":{"line":78,"column":33}},"loc":{"start":{"line":78,"column":52},"end":{"line":88,"column":1}},"line":78},"9":{"name":"totalGramsFromServing","decl":{"start":{"line":90,"column":9},"end":{"line":90,"column":30}},"loc":{"start":{"line":90,"column":53},"end":{"line":95,"column":1}},"line":90},"10":{"name":"parseServingQtyInput","decl":{"start":{"line":97,"column":9},"end":{"line":97,"column":29}},"loc":{"start":{"line":97,"column":37},"end":{"line":109,"column":1}},"line":97}},"branchMap":{"0":{"loc":{"start":{"line":13,"column":9},"end":{"line":13,"column":35}},"type":"cond-expr","locations":[{"start":{"line":13,"column":30},"end":{"line":13,"column":31}},{"start":{"line":13,"column":34},"end":{"line":13,"column":35}}],"line":13},"1":{"loc":{"start":{"line":17,"column":37},"end":{"line":17,"column":49}},"type":"binary-expr","locations":[{"start":{"line":17,"column":37},"end":{"line":17,"column":43}},{"start":{"line":17,"column":47},"end":{"line":17,"column":49}}],"line":17},"2":{"loc":{"start":{"line":24,"column":16},"end":{"line":24,"column":67}},"type":"binary-expr","locations":[{"start":{"line":24,"column":16},"end":{"line":24,"column":39}},{"start":{"line":24,"column":43},"end":{"line":24,"column":67}}],"line":24},"3":{"loc":{"start":{"line":25,"column":2},"end":{"line":25,"column":72}},"type":"if","locations":[{"start":{"line":25,"column":2},"end":{"line":25,"column":72}},{"start":{},"end":{}}],"line":25},"4":{"loc":{"start":{"line":27,"column":2},"end":{"line":27,"column":95}},"type":"if","locations":[{"start":{"line":27,"column":2},"end":{"line":27,"column":95}},{"start":{},"end":{}}],"line":27},"5":{"loc":{"start":{"line":27,"column":6},"end":{"line":27,"column":31}},"type":"binary-expr","locations":[{"start":{"line":27,"column":6},"end":{"line":27,"column":16}},{"start":{"line":27,"column":20},"end":{"line":27,"column":31}}],"line":27},"6":{"loc":{"start":{"line":41,"column":12},"end":{"line":41,"column":67}},"type":"cond-expr","locations":[{"start":{"line":41,"column":29},"end":{"line":41,"column":39}},{"start":{"line":41,"column":42},"end":{"line":41,"column":67}}],"line":41},"7":{"loc":{"start":{"line":42,"column":17},"end":{"line":42,"column":65}},"type":"binary-expr","locations":[{"start":{"line":42,"column":17},"end":{"line":42,"column":36}},{"start":{"line":42,"column":40},"end":{"line":42,"column":65}}],"line":42},"8":{"loc":{"start":{"line":54,"column":2},"end":{"line":54,"column":58}},"type":"if","locations":[{"start":{"line":54,"column":2},"end":{"line":54,"column":58}},{"start":{},"end":{}}],"line":54},"9":{"loc":{"start":{"line":54,"column":6},"end":{"line":54,"column":44}},"type":"binary-expr","locations":[{"start":{"line":54,"column":6},"end":{"line":54,"column":11}},{"start":{"line":54,"column":15},"end":{"line":54,"column":44}}],"line":54},"10":{"loc":{"start":{"line":57,"column":19},"end":{"line":57,"column":65}},"type":"binary-expr","locations":[{"start":{"line":57,"column":19},"end":{"line":57,"column":37}},{"start":{"line":57,"column":41},"end":{"line":57,"column":65}}],"line":57},"11":{"loc":{"start":{"line":59,"column":2},"end":{"line":66,"column":3}},"type":"if","locations":[{"start":{"line":59,"column":2},"end":{"line":66,"column":3}},{"start":{},"end":{}}],"line":59},"12":{"loc":{"start":{"line":61,"column":4},"end":{"line":65,"column":5}},"type":"if","locations":[{"start":{"line":61,"column":4},"end":{"line":65,"column":5}},{"start":{"line":63,"column":11},"end":{"line":65,"column":5}}],"line":61},"13":{"loc":{"start":{"line":61,"column":8},"end":{"line":61,"column":57}},"type":"binary-expr","locations":[{"start":{"line":61,"column":8},"end":{"line":61,"column":20}},{"start":{"line":61,"column":24},"end":{"line":61,"column":57}}],"line":61},"14":{"loc":{"start":{"line":71,"column":20},"end":{"line":71,"column":53}},"type":"binary-expr","locations":[{"start":{"line":71,"column":20},"end":{"line":71,"column":30}},{"start":{"line":71,"column":34},"end":{"line":71,"column":53}}],"line":71},"15":{"loc":{"start":{"line":80,"column":2},"end":{"line":80,"column":71}},"type":"if","locations":[{"start":{"line":80,"column":2},"end":{"line":80,"column":71}},{"start":{},"end":{}}],"line":80},"16":{"loc":{"start":{"line":80,"column":6},"end":{"line":80,"column":35}},"type":"binary-expr","locations":[{"start":{"line":80,"column":6},"end":{"line":80,"column":25}},{"start":{"line":80,"column":29},"end":{"line":80,"column":35}}],"line":80},"17":{"loc":{"start":{"line":93,"column":2},"end":{"line":93,"column":59}},"type":"if","locations":[{"start":{"line":93,"column":2},"end":{"line":93,"column":59}},{"start":{},"end":{}}],"line":93},"18":{"loc":{"start":{"line":93,"column":6},"end":{"line":93,"column":48}},"type":"binary-expr","locations":[{"start":{"line":93,"column":6},"end":{"line":93,"column":25}},{"start":{"line":93,"column":29},"end":{"line":93,"column":48}}],"line":93},"19":{"loc":{"start":{"line":98,"column":19},"end":{"line":98,"column":30}},"type":"binary-expr","locations":[{"start":{"line":98,"column":19},"end":{"line":98,"column":24}},{"start":{"line":98,"column":28},"end":{"line":98,"column":30}}],"line":98},"20":{"loc":{"start":{"line":99,"column":2},"end":{"line":99,"column":22}},"type":"if","locations":[{"start":{"line":99,"column":2},"end":{"line":99,"column":22}},{"start":{},"end":{}}],"line":99},"21":{"loc":{"start":{"line":101,"column":2},"end":{"line":106,"column":3}},"type":"if","locations":[{"start":{"line":101,"column":2},"end":{"line":106,"column":3}},{"start":{},"end":{}}],"line":101},"22":{"loc":{"start":{"line":104,"column":4},"end":{"line":104,"column":34}},"type":"if","locations":[{"start":{"line":104,"column":4},"end":{"line":104,"column":34}},{"start":{},"end":{}}],"line":104},"23":{"loc":{"start":{"line":108,"column":9},"end":{"line":108,"column":38}},"type":"cond-expr","locations":[{"start":{"line":108,"column":30},"end":{"line":108,"column":31}},{"start":{"line":108,"column":34},"end":{"line":108,"column":38}}],"line":108}},"s":{"0":2,"1":2,"2":4,"3":4,"4":1,"5":0,"6":0,"7":0,"8":0,"9":0,"10":0,"11":0,"12":0,"13":0,"14":0,"15":0,"16":0,"17":0,"18":1,"19":1,"20":0,"21":0,"22":0,"23":0,"24":0,"25":0,"26":0,"27":0,"28":1,"29":1,"30":0,"31":1,"32":1,"33":1,"34":1,"35":0,"36":1,"37":3,"38":3,"39":1,"40":2,"41":2,"42":1,"43":1,"44":1,"45":0,"46":1,"47":1,"48":1,"49":2},"f":{"0":4,"1":1,"2":0,"3":0,"4":0,"5":0,"6":0,"7":1,"8":1,"9":1,"10":3},"b":{"0":[4,0],"1":[1,0],"2":[0,0],"3":[0,0],"4":[0,0],"5":[0,0],"6":[0,0],"7":[0,0],"8":[1,0],"9":[1,1],"10":[0,0],"11":[0,0],"12":[0,0],"13":[0,0],"14":[0,0],"15":[0,1],"16":[1,1],"17":[0,1],"18":[1,1],"19":[3,1],"20":[1,2],"21":[1,1],"22":[0,1],"23":[1,0]},"_coverageSchema":"1a1c01bbd47fc00a2c39e90264f33305004495a9","hash":"2c2e7d9573ee2ee0df490520a038161d67c73b97"}
}
