TN:
SF:src/nutrition/utils/foodNormalize.js
FN:15,num
FN:20,foodTextHaystack
FN:35,isLiquidFood
FN:46,usdaDescriptionLooksLiquid
FN:56,servingUnitGuard
FN:68,mapSearchRowToFoodShape
FN:70,(anonymous_6)
FN:130,normalizeFoodForLog
FN:144,normalizeFoodItem
FNF:9
FNH:5
FNDA:10,num
FNDA:0,foodTextHaystack
FNDA:0,isLiquidFood
FNDA:0,usdaDescriptionLooksLiquid
FNDA:2,servingUnitGuard
FNDA:2,mapSearchRowToFoodShape
FNDA:14,(anonymous_6)
FNDA:0,normalizeFoodForLog
FNDA:2,normalizeFoodItem
DA:4,1
DA:7,1
DA:10,1
DA:13,1
DA:16,10
DA:17,10
DA:21,0
DA:36,0
DA:37,0
DA:38,0
DA:39,0
DA:40,0
DA:41,0
DA:43,0
DA:47,0
DA:48,0
DA:49,0
DA:57,2
DA:58,2
DA:59,2
DA:60,0
DA:61,0
DA:69,2
DA:70,2
DA:71,14
DA:72,0
DA:73,0
DA:75,2
DA:76,2
DA:77,2
DA:78,2
DA:111,2
DA:112,1
DA:113,0
DA:118,1
DA:124,1
DA:127,1
DA:131,0
DA:132,0
DA:133,0
DA:138,0
DA:139,0
DA:141,0
DA:145,2
DA:146,2
DA:147,2
DA:148,1
DA:149,1
DA:150,0
DA:153,2
DA:162,1
LF:51
LH:28
BRDA:17,0,0,6
BRDA:17,0,1,4
BRDA:37,1,0,0
BRDA:37,1,1,0
BRDA:37,2,0,0
BRDA:37,2,1,0
BRDA:38,3,0,0
BRDA:38,3,1,0
BRDA:39,4,0,0
BRDA:39,4,1,0
BRDA:39,4,2,0
BRDA:40,5,0,0
BRDA:40,5,1,0
BRDA:40,6,0,0
BRDA:40,6,1,0
BRDA:40,6,2,0
BRDA:41,7,0,0
BRDA:41,7,1,0
BRDA:47,8,0,0
BRDA:47,8,1,0
BRDA:48,9,0,0
BRDA:48,9,1,0
BRDA:49,10,0,0
BRDA:49,10,1,0
BRDA:57,11,0,0
BRDA:57,11,1,2
BRDA:58,12,0,2
BRDA:58,12,1,0
BRDA:58,12,2,0
BRDA:59,13,0,2
BRDA:59,13,1,0
BRDA:59,14,0,2
BRDA:59,14,1,2
BRDA:60,15,0,0
BRDA:60,15,1,0
BRDA:69,16,0,0
BRDA:69,16,1,2
BRDA:71,17,0,14
BRDA:71,17,1,0
BRDA:71,18,0,14
BRDA:71,18,1,0
BRDA:73,19,0,0
BRDA:73,19,1,0
BRDA:75,20,0,2
BRDA:75,20,1,0
BRDA:76,21,0,2
BRDA:76,21,1,2
BRDA:76,21,2,1
BRDA:76,21,3,1
BRDA:77,22,0,1
BRDA:77,22,1,1
BRDA:79,23,0,2
BRDA:79,23,1,2
BRDA:79,23,2,2
BRDA:79,23,3,2
BRDA:80,24,0,2
BRDA:80,24,1,1
BRDA:80,24,2,0
BRDA:80,24,3,0
BRDA:81,25,0,2
BRDA:81,25,1,2
BRDA:81,25,2,1
BRDA:81,25,3,1
BRDA:81,25,4,1
BRDA:82,26,0,2
BRDA:82,26,1,1
BRDA:83,27,0,2
BRDA:83,27,1,2
BRDA:84,28,0,2
BRDA:84,28,1,2
BRDA:85,29,0,2
BRDA:85,29,1,2
BRDA:86,30,0,2
BRDA:86,30,1,2
BRDA:87,31,0,2
BRDA:87,31,1,2
BRDA:88,32,0,2
BRDA:88,32,1,2
BRDA:91,33,0,2
BRDA:91,33,1,2
BRDA:92,34,0,2
BRDA:92,34,1,2
BRDA:94,35,0,2
BRDA:94,35,1,2
BRDA:95,36,0,2
BRDA:95,36,1,2
BRDA:96,37,0,2
BRDA:96,37,1,2
BRDA:96,37,2,1
BRDA:96,37,3,1
BRDA:98,38,0,2
BRDA:98,38,1,2
BRDA:99,39,0,2
BRDA:99,39,1,2
BRDA:99,39,2,1
BRDA:99,39,3,1
BRDA:100,40,0,2
BRDA:100,40,1,2
BRDA:101,41,0,2
BRDA:101,41,1,2
BRDA:102,42,0,2
BRDA:102,42,1,2
BRDA:105,43,0,2
BRDA:105,43,1,2
BRDA:106,44,0,2
BRDA:106,44,1,2
BRDA:106,44,2,2
BRDA:106,44,3,2
BRDA:107,45,0,2
BRDA:107,45,1,2
BRDA:107,45,2,2
BRDA:107,45,3,2
BRDA:108,46,0,0
BRDA:108,46,1,2
BRDA:108,47,0,2
BRDA:108,47,1,0
BRDA:111,48,0,1
BRDA:111,48,1,1
BRDA:111,49,0,2
BRDA:111,49,1,2
BRDA:111,49,2,2
BRDA:112,50,0,0
BRDA:112,50,1,1
BRDA:131,51,0,0
BRDA:131,51,1,0
BRDA:132,52,0,0
BRDA:132,52,1,0
BRDA:132,53,0,0
BRDA:132,53,1,0
BRDA:138,54,0,0
BRDA:138,54,1,0
BRDA:138,55,0,0
BRDA:138,55,1,0
BRDA:145,56,0,2
BRDA:145,56,1,0
BRDA:146,57,0,2
BRDA:146,57,1,0
BRDA:147,58,0,1
BRDA:147,58,1,1
BRDA:147,59,0,2
BRDA:147,59,1,0
BRDA:149,60,0,0
BRDA:149,60,1,1
BRDA:149,61,0,1
BRDA:149,61,1,1
BRDA:155,62,0,2
BRDA:155,62,1,0
BRDA:155,62,2,0
BRDA:156,63,0,2
BRDA:156,63,1,0
BRDA:156,63,2,0
BRDA:157,64,0,2
BRDA:157,64,1,1
BRDA:157,64,2,1
BRDA:158,65,0,2
BRDA:158,65,1,0
BRF:156
BRH:98
end_of_record
TN:
SF:src/nutrition/utils/servingMath.js
FN:11,num
FN:16,isPer100gSource
FN:23,resolveServingGrams
FN:32,resolveServingFactor
FN:36,nutrientTotalForGrams
FN:40,caloriesForGrams
FN:46,scaleMacroForGrams
FN:53,finalizeBarcodeFood
FN:78,scaleNutritionByServings
FN:90,totalGramsFromServing
FN:97,parseServingQtyInput
FNF:11
FNH:6
FNDA:4,num
FNDA:1,isPer100gSource
FNDA:0,resolveServingGrams
FNDA:0,resolveServingFactor
FNDA:0,nutrientTotalForGrams
FNDA:0,caloriesForGrams
FNDA:0,scaleMacroForGrams
FNDA:1,finalizeBarcodeFood
FNDA:1,scaleNutritionByServings
FNDA:1,totalGramsFromServing
FNDA:3,parseServingQtyInput
DA:6,2
DA:9,2
DA:12,4
DA:13,4
DA:17,1
DA:24,0
DA:25,0
DA:26,0
DA:27,0
DA:28,0
DA:33,0
DA:37,0
DA:41,0
DA:42,0
DA:43,0
DA:47,0
DA:54,1
DA:56,0
DA:57,0
DA:59,0
DA:60,0
DA:61,0
DA:62,0
DA:64,0
DA:68,0
DA:79,1
DA:80,1
DA:81,1
DA:91,1
DA:92,1
DA:93,1
DA:94,1
DA:98,3
DA:99,3
DA:100,2
DA:101,2
DA:102,1
DA:103,1
DA:104,1
DA:105,1
DA:107,1
DA:108,1
DA:111,2
LF:43
LH:24
BRDA:13,0,0,4
BRDA:13,0,1,0
BRDA:17,1,0,1
BRDA:17,1,1,0
BRDA:24,2,0,0
BRDA:24,2,1,0
BRDA:25,3,0,0
BRDA:25,3,1,0
BRDA:27,4,0,0
BRDA:27,4,1,0
BRDA:27,5,0,0
BRDA:27,5,1,0
BRDA:41,6,0,0
BRDA:41,6,1,0
BRDA:42,7,0,0
BRDA:42,7,1,0
BRDA:54,8,0,1
BRDA:54,8,1,0
BRDA:54,9,0,1
BRDA:54,9,1,1
BRDA:57,10,0,0
BRDA:57,10,1,0
BRDA:59,11,0,0
BRDA:59,11,1,0
BRDA:61,12,0,0
BRDA:61,12,1,0
BRDA:61,13,0,0
BRDA:61,13,1,0
BRDA:71,14,0,0
BRDA:71,14,1,0
BRDA:80,15,0,0
BRDA:80,15,1,1
BRDA:80,16,0,1
BRDA:80,16,1,1
BRDA:93,17,0,0
BRDA:93,17,1,1
BRDA:93,18,0,1
BRDA:93,18,1,1
BRDA:98,19,0,3
BRDA:98,19,1,1
BRDA:99,20,0,1
BRDA:99,20,1,2
BRDA:101,21,0,1
BRDA:101,21,1,1
BRDA:104,22,0,0
BRDA:104,22,1,1
BRDA:108,23,0,1
BRDA:108,23,1,0
BRF:48
BRH:19
end_of_record
